<?xml version="1.0" encoding="UTF-8"?>
<!-- Generated by org.testng.reporters.JUnitReportReporter -->
<testsuite skipped="0" hostname="Udruzenje-PC" name="zavrsniProjekat.test.LogInTest" tests="1" failures="0" timestamp="2020-04-12T16:16:08 CEST" time="239.746" errors="0">
  <testcase name="logInTest" time="239.746" classname="zavrsniProjekat.test.LogInTest"/>
  <system-out/>
</testsuite> <!-- zavrsniProjekat.test.LogInTest -->
