<?xml version="1.0" encoding="UTF-8"?>
<!-- Generated by org.testng.reporters.JUnitReportReporter -->
<testsuite skipped="0" hostname="Udruzenje-PC" name="zavrsniProjekat.test.NewTest" tests="1" failures="0" timestamp="2020-04-11T15:23:53 CEST" time="7.025" errors="0">
  <testcase name="f" time="7.025" classname="zavrsniProjekat.test.NewTest"/>
  <system-out/>
</testsuite> <!-- zavrsniProjekat.test.NewTest -->
