<?xml version="1.0" encoding="UTF-8"?>
<!-- Generated by org.testng.reporters.JUnitReportReporter -->
<testsuite skipped="0" hostname="Udruzenje-PC" name="zavrsniProjekat.test.CartTest" tests="1" failures="0" timestamp="2020-04-11T17:53:52 CEST" time="8.952" errors="0">
  <testcase name="shoppingCartSummaryTest" time="8.952" classname="zavrsniProjekat.test.CartTest"/>
  <system-out/>
</testsuite> <!-- zavrsniProjekat.test.CartTest -->
