<?xml version="1.0" encoding="UTF-8"?>
<!-- Generated by org.testng.reporters.JUnitReportReporter -->
<testsuite skipped="0" hostname="Udruzenje-PC" name="zavrsniProjekat.test.CartSummaryTest" tests="1" failures="0" timestamp="2020-04-12T06:00:23 CEST" time="8.666" errors="0">
  <testcase name="shoppingCartSummaryTest" time="8.666" classname="zavrsniProjekat.test.CartSummaryTest"/>
  <system-out/>
</testsuite> <!-- zavrsniProjekat.test.CartSummaryTest -->
