<?xml version="1.0" encoding="UTF-8"?>
<!-- Generated by org.testng.reporters.JUnitReportReporter -->
<testsuite skipped="0" hostname="Udruzenje-PC" name="zavrsniProjekat.test.HomePageTest" tests="3" failures="0" timestamp="2020-04-12T00:28:06 CEST" time="25.102" errors="0">
  <testcase name="navigateToSummerDressesPageTest1" time="9.311" classname="zavrsniProjekat.test.HomePageTest"/>
  <system-out/>
  <testcase name="navigateToSummerDressesPageTest2" time="7.472" classname="zavrsniProjekat.test.HomePageTest"/>
  <system-out/>
  <testcase name="samePageTest" time="8.319" classname="zavrsniProjekat.test.HomePageTest"/>
  <system-out/>
</testsuite> <!-- zavrsniProjekat.test.HomePageTest -->
